<?xml version="1.0" encoding="UTF-8"?>
<!-- Generated by org.testng.reporters.JUnitReportReporter -->
<testsuite skipped="0" hostname="DevelopmentPC" name="TestCases.DemoTestCase2" tests="3" failures="0" timestamp="23 Feb 2020 11:29:13 GMT" time="2.175" errors="0">
  <testcase name="DemoTest2" time="2.170" classname="TestCases.DemoTestCase2"/>
  <testcase name="DemoTest1" time="0.004" classname="TestCases.DemoTestCase2"/>
  <testcase name="DemoTest3" time="0.001" classname="TestCases.DemoTestCase2"/>
</testsuite> <!-- TestCases.DemoTestCase2 -->
