<?xml version="1.0" encoding="UTF-8"?>
<!-- Generated by org.testng.reporters.JUnitReportReporter -->
<testsuite skipped="0" hostname="DevelopmentPC" name="TestCases.FlipKartHomePage" tests="1" failures="0" timestamp="23 Feb 2020 11:32:45 GMT" time="6.338" errors="0">
  <testcase name="NavigateToHomePage" time="6.338" classname="TestCases.FlipKartHomePage"/>
</testsuite> <!-- TestCases.FlipKartHomePage -->
